Empfangene Message: 

Folgende Kommandos stehen zur Verfügung.
?               - Hilfe
help?           - Hilfe
ver?            - Version der Software: Datum und Zeit
imu?            - IMU-Werte ausgeben
imuraw?         - IMU-Rohwerte ausgeben
imucal?         - IMU-Offset-Werte kalibrieren und ausgeben (z=-1g
iacc!x          - IMU-Beschl.Range einstellen x = [0|1|2|3] => 2g|4g|8g|16g
iacc?           - IMU-Beschl.Range auslesen x = [0|1|2|3] => 2g|4g|8g|16g
igyro!x         - IMU-Gyro-Range einstellen x = [0|1|2|3] => 250|500|1000|2000 dps
igyro?          - IMU-Gyro-Range auslesen x = [0|1|2|3] => 250|500|1000|2000 dps
DAC1!x          - DAC1 schreiben x = [0..4095]
testx?          - IMUx wird ausgelesen (einige 100x) und dann statistisch bewertet (TA unbekannt).
samplex?        - IMUx wird 1000x ausgelesen und dann statistisch bewertet (TA=500us).
tp!step.n       - test des Tiefpasses: Sprung nach step, n Iterationen

Für alle Eingaben gilt: ON|VALID = 1 sowie OFF|INVALID = 0
Empfangene Message: neu gestartet

Folgende Kommandos stehen zur Verfügung.
?               - Hilfe
help?           - Hilfe
ver?            - Version der Software: Datum und Zeit
imu?            - IMU-Werte ausgeben
imuraw?         - IMU-Rohwerte ausgeben
imucal?         - IMU-Offset-Werte kalibrieren und ausgeben (z=-1g
iacc!x          - IMU-Beschl.Range einstellen x = [0|1|2|3] => 2g|4g|8g|16g
iacc?           - IMU-Beschl.Range auslesen x = [0|1|2|3] => 2g|4g|8g|16g
igyro!x         - IMU-Gyro-Range einstellen x = [0|1|2|3] => 250|500|1000|2000 dps
igyro?          - IMU-Gyro-Range auslesen x = [0|1|2|3] => 250|500|1000|2000 dps
DAC1!x          - DAC1 schreiben x = [0..4095]
testx?          - IMUx wird ausgelesen (einige 100x) und dann statistisch bewertet (TA unbekannt).
samplex?        - IMUx wird 1000x ausgelesen und dann statistisch bewertet (TA=500us).
tp!step.n       - test des Tiefpasses: Sprung nach step, n Iterationen

Für alle Eingaben gilt: ON|VALID = 1 sowie OFF|INVALID = 0
Empfangene Message: samplex?

Statistik mit fester Abtastzeit (500us) wird berechnet ...
"Timer gestoppt"
Closure gestartet ...
Mittelwert: -861
Minwert: -1072
Abweichung nach unten: 211
Maxwert: -680
Abweichung nach oben: 181
Standardabweichung: 61
Alle gemmessenen imux-Werte im Abstand von 500us:
-832
-872
-888
-892
-860
-1012
-944
-876
-912
-800
-816
-848
-856
-820
-868
-892
-940
-940
-904
-888
-808
-780
-884
-888
-872
-892
-868
-880
-924
-872
-796
-840
-752
-776
-728
-804
-836
-916
-840
-760
-812
-832
-680
-772
-736
-716
-832
-784
-892
-920
-864
-804
-744
-836
-936
-824
-820
-860
-820
-840
-812
-796
-800
-736
-728
-788
-760
-872
-876
-788
-908
-920
-800
-860
-780
-864
-904
-836
-888
-800
-832
-872
-888
-856
-880
-880
-952
-880
-796
-784
-812
-800
-768
-856
-816
-816
-844
-904
-856
-808
-860
-864
-940
-988
-932
-920
-944
-912
-952
-916
-848
-892
-904
-868
-880
-968
-900
-780
-804
-896
-896
-872
-856
-864
-904
-948
-920
-928
-940
-780
-852
-964
-972
-1012
-924
-868
-900
-972
-936
-1020
-828
-800
-892
-872
-888
-944
-960
-888
-916
-856
-892
-884
-920
-940
-928
-864
-848
-888
-856
-788
-864
-872
-780
-784
-888
-872
-892
-840
-916
-804
-908
-908
-860
-860
-872
-836
-808
-888
-896
-836
-820
-776
-820
-860
-756
-836
-768
-748
-880
-848
-792
-740
-760
-808
-840
-816
-804
-896
-792
-800
-812
-800
-856
-796
-776
-792
-780
-824
-728
-816
-860
-792
-860
-760
-728
-812
-828
-788
-756
-836
-856
-836
-792
-852
-856
-712
-808
-796
-804
-848
-852
-776
-784
-844
-824
-816
-836
-860
-792
-804
-844
-864
-836
-792
-868
-948
-856
-816
-876
-824
-816
-824
-788
-844
-916
-936
-960
-960
-796
-916
-888
-892
-836
-912
-892
-800
-892
-868
-908
-904
-804
-916
-936
-852
-844
-932
-948
-908
-840
-908
-908
-860
-920
-872
-976
-1032
-840
-952
-1008
-928
-872
-900
-924
-908
-916
-912
-852
-888
-880
-884
-964
-1004
-948
-860
-908
-996
-900
-844
-840
-804
-840
-852
-980
-888
-972
-836
-808
-908
-824
-840
-840
-924
-808
-880
-916
-780
-796
-796
-880
-852
-912
-856
-824
-904
-884
-892
-844
-816
-840
-840
-732
-732
-720
-756
-868
-748
-836
-868
-844
-828
-788
-824
-764
-832
-908
-804
-808
-776
-712
-708
-792
-800
-752
-780
-848
-872
-732
-884
-896
-820
-776
-804
-816
-832
-828
-828
-744
-764
-800
-756
-808
-848
-844
-844
-820
-840
-816
-800
-900
-832
-776
-888
-928
-904
-832
-776
-872
-812
-844
-920
-888
-892
-828
-820
-856
-820
-860
-852
-908
-896
-888
-876
-860
-908
-880
-892
-848
-908
-960
-952
-960
-892
-972
-848
-860
-944
-928
-912
-924
-900
-1000
-944
-928
-912
-932
-1020
-880
-880
-812
-924
-920
-848
-820
-912
-868
-872
-988
-1064
-984
-940
-840
-900
-928
-896
-836
-920
-788
-780
-776
-868
-944
-908
-856
-864
-912
-936
-780
-808
-908
-924
-848
-828
-892
-916
-940
-928
-912
-800
-912
-920
-880
-848
-808
-888
-924
-924
-800
-828
-816
-832
-820
-844
-836
-796
-836
-880
-832
-796
-840
-868
-812
-924
-944
-916
-900
-800
-840
-832
-832
-760
-836
-872
-848
-784
-848
-800
-872
-760
-912
-800
-892
-828
-788
-804
-900
-912
-900
-840
-804
-872
-872
-852
-884
-860
-808
-808
-836
-756
-764
-880
-792
-744
-804
-820
-872
-876
-960
-840
-876
-712
-820
-836
-836
-912
-868
-824
-864
-836
-856
-880
-832
-760
-868
-852
-856
-892
-868
-836
-908
-948
-920
-820
-876
-980
-1000
-904
-936
-896
-900
-940
-968
-940
-956
-912
-824
-844
-968
-956
-960
-852
-884
-860
-848
-908
-860
-872
-900
-972
-952
-772
-848
-844
-844
-780
-940
-944
-892
-840
-796
-708
-836
-860
-860
-868
-864
-888
-972
-916
-900
-956
-888
-852
-912
-920
-952
-912
-796
-840
-912
-912
-884
-888
-792
-892
-808
-844
-776
-784
-812
-720
-808
-788
-744
-832
-860
-812
-868
-864
-848
-844
-796
-816
-820
-876
-892
-860
-816
-780
-752
-760
-784
-876
-880
-848
-792
-896
-816
-816
-840
-864
-860
-956
-928
-804
-720
-784
-796
-872
-864
-860
-860
-872
-876
-900
-820
-896
-904
-908
-880
-804
-800
-884
-972
-924
-808
-808
-904
-952
-872
-760
-832
-860
-828
-836
-832
-888
-872
-828
-864
-804
-876
-908
-880
-856
-984
-940
-780
-820
-900
-796
-808
-948
-1048
-972
-956
-900
-884
-952
-1016
-932
-856
-844
-852
-940
-968
-920
-916
-916
-880
-1024
-904
-1012
-932
-888
-940
-908
-932
-920
-884
-872
-828
-832
-920
-820
-916
-1072
-888
-888
-776
-844
-900
-860
-888
-964
-912
-912
-900
-940
-852
-832
-792
-912
-944
-776
-820
-876
-936
-940
-788
-848
-820
-696
-820
-780
-880
-852
-872
-848
-928
-936
-824
-772
-848
-792
-848
-952
-936
-912
-952
-940
-840
-800
-820
-844
-836
-788
-724
-860
-872
-860
-828
-732
-872
-804
-852
-860
-868
-804
-784
-904
-932
-880
-868
-740
-868
-848
-888
-804
-856
-876
-816
-832
-896
-884
-896
-836
-872
-884
-816
-956
-892
-860
-932
-880
-780
-892
-912
-868
-876
-864
-852
-892
-852
-896
-880
-876
-880
-896
-884
-960
-964
-900
-824
-848
-780
-832
-828
-912
-848
-920
-864
-820
-864
-816
-852
-840
-864
-912
-976
-908
-932
-932
-916
-920
-888
-908
-888
-952
-952
-932
-832
-756
-928
-1004
-960
-928
-880
-868
-904
-944
-888
-896
-888
-932
-832
-796
-844
-908
-980
-976
-808
-904
-884
-856
-800
-776
-792
-920
-908
-936
-856
-884
-920
-824
-808
-884
-836
-888
-824
-784
-840
-884
-864
-880
-908
-916
-824
-796
-796
-716
-776
-892
-872
-876
-928
-908
-852
-804
-836
-800
-768
-888
-940
-808
-872
-796
-716
-800
-828
-872
-876
-908
-836
-884
-784
-840
-860
-800
-760
-724
-844
-852
-808
-788
-896
-900
-780
-816
-868
-856
-820
-860
-900
-992
-888
-920
-880
-804
-876
-740
-792
-940
-948
-968
-904
-884
-892
-848
-860
-820
Empfangene Message: DAC1!500

Gesetzter DAC1-Wert = 500
Empfangene Message: ohne Leisutng am Motor (ENABLE = OFF)

Folgende Kommandos stehen zur Verfügung.
?               - Hilfe
help?           - Hilfe
ver?            - Version der Software: Datum und Zeit
imu?            - IMU-Werte ausgeben
imuraw?         - IMU-Rohwerte ausgeben
imucal?         - IMU-Offset-Werte kalibrieren und ausgeben (z=-1g
iacc!x          - IMU-Beschl.Range einstellen x = [0|1|2|3] => 2g|4g|8g|16g
iacc?           - IMU-Beschl.Range auslesen x = [0|1|2|3] => 2g|4g|8g|16g
igyro!x         - IMU-Gyro-Range einstellen x = [0|1|2|3] => 250|500|1000|2000 dps
igyro?          - IMU-Gyro-Range auslesen x = [0|1|2|3] => 250|500|1000|2000 dps
DAC1!x          - DAC1 schreiben x = [0..4095]
testx?          - IMUx wird ausgelesen (einige 100x) und dann statistisch bewertet (TA unbekannt).
samplex?        - IMUx wird 1000x ausgelesen und dann statistisch bewertet (TA=500us).
tp!step.n       - test des Tiefpasses: Sprung nach step, n Iterationen

Für alle Eingaben gilt: ON|VALID = 1 sowie OFF|INVALID = 0
Empfangene Message: samplex?

Statistik mit fester Abtastzeit (500us) wird berechnet ...
"Timer gestoppt"
Closure gestartet ...
Mittelwert: -858
Minwert: -1144
Abweichung nach unten: 286
Maxwert: -636
Abweichung nach oben: 222
Standardabweichung: 89
Alle gemmessenen imux-Werte im Abstand von 500us:
-684
-788
-724
-896
-956
-1028
-1068
-952
-1004
-880
-844
-844
-824
-872
-840
-736
-736
-780
-916
-1004
-964
-1040
-920
-1080
-1060
-980
-860
-748
-740
-792
-684
-700
-816
-844
-880
-932
-980
-960
-952
-968
-896
-884
-780
-716
-740
-780
-816
-848
-808
-872
-972
-932
-1060
-992
-956
-932
-816
-776
-752
-764
-724
-672
-684
-792
-836
-864
-880
-980
-964
-920
-884
-876
-720
-792
-672
-724
-728
-788
-848
-828
-832
-908
-924
-992
-1052
-916
-888
-828
-796
-760
-792
-808
-704
-748
-876
-940
-912
-968
-1024
-920
-876
-944
-816
-828
-932
-820
-668
-720
-796
-812
-860
-932
-1000
-1008
-904
-896
-828
-892
-932
-756
-784
-796
-868
-812
-860
-776
-780
-892
-1060
-1052
-900
-892
-780
-804
-772
-804
-820
-772
-780
-852
-888
-916
-1012
-1060
-944
-944
-900
-792
-776
-784
-696
-768
-736
-760
-900
-836
-900
-868
-896
-840
-928
-872
-788
-816
-756
-720
-764
-788
-808
-728
-744
-820
-944
-984
-1008
-960
-964
-860
-764
-796
-800
-656
-696
-724
-864
-768
-788
-984
-940
-940
-980
-936
-868
-868
-852
-764
-796
-772
-804
-784
-736
-796
-924
-948
-1076
-992
-968
-948
-828
-828
-828
-848
-736
-880
-812
-844
-832
-928
-944
-948
-968
-924
-912
-884
-840
-888
-860
-800
-784
-800
-864
-880
-968
-992
-1024
-1032
-1144
-968
-864
-932
-932
-844
-696
-672
-816
-804
-796
-864
-876
-908
-932
-960
-1012
-1000
-948
-860
-816
-756
-664
-820
-832
-836
-792
-880
-876
-908
-904
-960
-932
-956
-748
-740
-744
-772
-648
-740
-852
-844
-852
-896
-956
-1040
-944
-968
-940
-952
-920
-804
-732
-756
-756
-820
-816
-816
-796
-900
-924
-888
-976
-952
-976
-928
-888
-812
-812
-820
-780
-912
-876
-808
-892
-908
-1020
-1012
-928
-836
-860
-888
-784
-740
-720
-740
-836
-888
-860
-996
-964
-952
-928
-940
-932
-876
-836
-760
-728
-744
-732
-716
-768
-872
-880
-988
-952
-976
-1012
-932
-940
-768
-828
-784
-748
-752
-652
-720
-836
-788
-844
-924
-920
-956
-880
-1008
-900
-780
-840
-848
-836
-804
-808
-780
-848
-980
-932
-900
-936
-940
-900
-852
-812
-760
-752
-848
-804
-860
-892
-864
-1012
-960
-964
-904
-908
-912
-920
-876
-704
-660
-668
-688
-756
-796
-852
-920
-1008
-984
-996
-856
-892
-928
-760
-824
-840
-748
-908
-888
-796
-816
-816
-868
-792
-896
-896
-844
-932
-956
-872
-708
-728
-684
-644
-724
-844
-832
-912
-908
-932
-972
-916
-820
-868
-760
-700
-824
-828
-852
-880
-828
-772
-888
-892
-844
-848
-932
-1068
-988
-884
-800
-780
-792
-920
-824
-796
-904
-936
-976
-1020
-980
-924
-920
-832
-744
-660
-744
-768
-808
-836
-924
-792
-784
-848
-912
-892
-788
-916
-892
-868
-916
-852
-804
-724
-720
-740
-912
-800
-940
-984
-1012
-1080
-912
-856
-880
-776
-880
-880
-828
-844
-728
-832
-952
-960
-900
-868
-968
-956
-944
-908
-1012
-900
-788
-808
-788
-876
-856
-852
-952
-956
-1056
-992
-984
-1000
-888
-884
-856
-848
-832
-756
-848
-880
-884
-928
-896
-964
-904
-816
-952
-964
-952
-840
-768
-760
-684
-756
-860
-888
-832
-1044
-1084
-976
-904
-924
-956
-856
-824
-824
-768
-700
-660
-784
-860
-836
-800
-736
-852
-980
-828
-908
-900
-880
-792
-872
-804
-688
-748
-752
-772
-848
-900
-920
-860
-916
-956
-948
-884
-876
-832
-768
-756
-764
-796
-836
-856
-880
-1016
-1032
-1004
-1008
-964
-992
-908
-860
-868
-800
-772
-792
-732
-816
-1000
-956
-928
-924
-960
-952
-828
-832
-724
-740
-708
-740
-832
-804
-832
-892
-988
-992
-936
-904
-976
-928
-912
-916
-792
-744
-736
-820
-804
-832
-820
-876
-860
-996
-964
-952
-932
-948
-876
-848
-780
-812
-808
-712
-764
-820
-860
-928
-920
-972
-1024
-912
-876
-880
-848
-792
-752
-852
-840
-836
-916
-856
-900
-1012
-928
-872
-960
-1012
-864
-788
-844
-812
-668
-700
-760
-720
-892
-892
-928
-920
-924
-836
-856
-944
-916
-796
-788
-864
-840
-904
-888
-868
-968
-912
-960
-1008
-924
-760
-696
-820
-880
-872
-748
-752
-820
-752
-820
-916
-904
-876
-896
-784
-820
-872
-848
-824
-756
-724
-768
-760
-848
-824
-856
-904
-1032
-976
-932
-920
-828
-888
-768
-840
-776
-652
-692
-776
-764
-836
-884
-976
-872
-836
-868
-888
-932
-920
-732
-716
-748
-708
-708
-704
-848
-840
-944
-992
-880
-908
-912
-908
-876
-780
-760
-820
-768
-760
-764
-812
-800
-808
-896
-964
-940
-1032
-908
-816
-852
-872
-872
-860
-836
-716
-788
-924
-916
-968
-1004
-936
-948
-956
-908
-892
-840
-852
-736
-740
-884
-888
-908
-952
-928
-984
-996
-932
-928
-1016
-1044
-920
-824
-812
-748
-684
-780
-824
-796
-840
-980
-948
-944
-896
-908
-888
-792
-828
-820
-844
-860
-772
-784
-852
-968
-864
-912
-940
-980
-924
-908
-816
-800
-852
-796
-756
-792
-848
-900
-824
-904
-980
-988
-964
-864
-760
-816
-828
-812
-720
-684
-648
-684
-816
-796
-852
-900
-896
-992
-920
-884
-836
-816
-760
-724
-716
-720
-756
-720
-856
-796
-904
-952
-928
-912
-804
-808
-860
-764
-784
-744
-716
-712
-780
-852
-884
-940
-1040
-996
-948
-928
-896
-924
-816
-776
-772
-796
-776
-820
-936
-796
-900
-900
-912
-1012
-920
-824
-860
-852
-848
-800
-780
-704
-740
-864
-820
-752
-892
-1020
-1008
-924
-948
-864
-840
-748
-636
-736
-788
-864
-864
-956
-960
-932
-1012
-848
-868
-904
-928
-900
-908
-856
-824
-768
-852
-816
-868
-836
-924
-948
-952
-980
-920
-908
-836
-860
-928
-852
-740
-780
-820
-736
-760
-824
-748
-788
-1020
-952
-892
-804
-780
-720
-760
-788
-740
-860
-760
-888
-948
-988
Empfangene Message: mit Leistung am Motor

Folgende Kommandos stehen zur Verfügung.
?               - Hilfe
help?           - Hilfe
ver?            - Version der Software: Datum und Zeit
imu?            - IMU-Werte ausgeben
imuraw?         - IMU-Rohwerte ausgeben
imucal?         - IMU-Offset-Werte kalibrieren und ausgeben (z=-1g
iacc!x          - IMU-Beschl.Range einstellen x = [0|1|2|3] => 2g|4g|8g|16g
iacc?           - IMU-Beschl.Range auslesen x = [0|1|2|3] => 2g|4g|8g|16g
igyro!x         - IMU-Gyro-Range einstellen x = [0|1|2|3] => 250|500|1000|2000 dps
igyro?          - IMU-Gyro-Range auslesen x = [0|1|2|3] => 250|500|1000|2000 dps
DAC1!x          - DAC1 schreiben x = [0..4095]
testx?          - IMUx wird ausgelesen (einige 100x) und dann statistisch bewertet (TA unbekannt).
samplex?        - IMUx wird 1000x ausgelesen und dann statistisch bewertet (TA=500us).
tp!step.n       - test des Tiefpasses: Sprung nach step, n Iterationen

Für alle Eingaben gilt: ON|VALID = 1 sowie OFF|INVALID = 0
Empfangene Message: samplex?

Statistik mit fester Abtastzeit (500us) wird berechnet ...
"Timer gestoppt"
Closure gestartet ...
Mittelwert: -627
Minwert: -848
Abweichung nach unten: 221
Maxwert: -420
Abweichung nach oben: 207
Standardabweichung: 69
Alle gemmessenen imux-Werte im Abstand von 500us:
-636
-696
-744
-656
-716
-720
-732
-664
-756
-700
-676
-676
-688
-684
-708
-756
-676
-788
-732
-700
-728
-716
-688
-616
-628
-708
-716
-664
-696
-684
-708
-708
-724
-680
-684
-684
-636
-648
-616
-556
-552
-612
-756
-704
-536
-544
-656
-664
-600
-732
-740
-692
-652
-636
-524
-564
-588
-568
-592
-604
-564
-532
-556
-504
-492
-496
-492
-568
-492
-512
-624
-576
-544
-552
-564
-468
-600
-668
-548
-484
-576
-420
-588
-580
-508
-544
-584
-588
-696
-632
-552
-536
-676
-612
-584
-584
-584
-512
-532
-588
-652
-620
-612
-552
-680
-644
-636
-668
-668
-572
-636
-612
-556
-652
-632
-588
-640
-768
-556
-676
-628
-608
-604
-592
-724
-628
-648
-692
-668
-604
-608
-596
-740
-752
-520
-656
-696
-732
-720
-700
-788
-808
-680
-684
-772
-608
-552
-680
-676
-796
-680
-652
-668
-680
-516
-552
-668
-764
-680
-676
-644
-632
-600
-588
-548
-628
-760
-748
-604
-676
-744
-608
-544
-652
-772
-684
-544
-608
-656
-680
-596
-560
-600
-768
-580
-608
-664
-616
-472
-536
-632
-556
-656
-612
-480
-552
-564
-608
-568
-508
-580
-604
-640
-576
-524
-564
-596
-632
-580
-604
-560
-524
-648
-600
-436
-656
-648
-516
-640
-616
-620
-616
-548
-608
-672
-588
-516
-572
-632
-576
-464
-436
-556
-600
-488
-548
-604
-604
-596
-576
-612
-660
-676
-624
-540
-640
-604
-584
-600
-668
-648
-612
-596
-588
-516
-504
-620
-708
-792
-696
-568
-668
-752
-628
-684
-664
-684
-684
-656
-624
-636
-620
-504
-712
-796
-760
-684
-764
-700
-732
-656
-520
-604
-648
-684
-632
-656
-680
-668
-656
-724
-576
-644
-796
-740
-656
-636
-716
-728
-796
-716
-740
-704
-716
-656
-668
-712
-596
-624
-764
-688
-648
-648
-572
-636
-740
-584
-600
-720
-580
-628
-596
-660
-652
-628
-580
-676
-620
-636
-640
-680
-636
-568
-588
-672
-720
-716
-652
-544
-552
-584
-576
-564
-672
-736
-664
-628
-620
-704
-784
-712
-620
-632
-576
-524
-660
-612
-596
-608
-628
-616
-528
-516
-504
-580
-508
-544
-520
-556
-648
-656
-568
-484
-524
-564
-552
-668
-564
-456
-604
-628
-668
-672
-592
-608
-556
-568
-580
-612
-640
-632
-568
-572
-676
-712
-568
-596
-584
-640
-620
-724
-588
-544
-492
-608
-628
-616
-608
-556
-644
-716
-576
-616
-536
-684
-700
-708
-816
-748
-676
-668
-620
-596
-636
-636
-692
-728
-652
-580
-656
-736
-640
-704
-668
-592
-616
-672
-728
-652
-588
-568
-684
-700
-672
-624
-708
-748
-760
-640
-668
-740
-628
-660
-608
-600
-668
-648
-584
-664
-740
-604
-584
-604
-640
-612
-576
-652
-632
-632
-612
-608
-628
-652
-536
-560
-608
-632
-604
-680
-648
-632
-664
-628
-688
-612
-580
-568
-684
-700
-664
-596
-800
-684
-552
-552
-592
-612
-584
-604
-616
-664
-644
-584
-592
-648
-508
-452
-564
-664
-572
-536
-500
-576
-596
-456
-528
-556
-604
-628
-676
-576
-576
-480
-572
-684
-592
-472
-580
-588
-584
-616
-568
-504
-556
-604
-668
-696
-620
-584
-596
-548
-548
-616
-612
-628
-684
-708
-688
-644
-664
-640
-684
-652
-576
-596
-608
-620
-600
-680
-660
-624
-668
-596
-636
-548
-624
-616
-648
-736
-748
-668
-720
-752
-736
-592
-664
-704
-720
-648
-628
-632
-728
-848
-740
-604
-612
-576
-608
-664
-668
-632
-744
-676
-636
-696
-596
-700
-684
-652
-628
-736
-684
-728
-736
-640
-632
-732
-732
-676
-580
-516
-732
-772
-732
-660
-628
-688
-752
-656
-544
-524
-632
-612
-668
-744
-680
-660
-684
-628
-584
-612
-552
-616
-688
-656
-588
-604
-708
-620
-644
-636
-684
-540
-512
-624
-568
-612
-516
-568
-660
-604
-528
-524
-608
-568
-616
-680
-696
-624
-576
-520
-628
-532
-660
-640
-676
-684
-624
-552
-584
-544
-572
-640
-644
-628
-536
-556
-564
-588
-544
-520
-672
-596
-472
-556
-620
-604
-556
-600
-608
-616
-572
-644
-696
-708
-628
-764
-688
-676
-588
-660
-656
-668
-620
-552
-644
-632
-672
-648
-584
-504
-652
-620
-572
-588
-580
-664
-624
-720
-688
-676
-664
-668
-684
-672
-588
-592
-660
-672
-740
-772
-696
-656
-624
-620
-688
-728
-724
-656
-648
-688
-624
-612
-756
-808
-680
-704
-696
-696
-736
-656
-552
-740
-688
-608
-628
-648
-684
-628
-672
-720
-672
-604
-740
-688
-604
-656
-728
-640
-608
-568
-580
-700
-688
-612
-656
-652
-676
-680
-652
-628
-616
-632
-564
-676
-664
-648
-660
-608
-668
-648
-588
-588
-632
-452
-608
-672
-692
-688
-656
-596
-540
-648
-684
-600
-584
-664
-636
-544
-640
-644
-496
-520
-548
-704
-692
-532
-548
-688
-596
-536
-584
-528
-544
-528
-572
-544
-628
-604
-556
-564
-496
-520
-524
-616
-648
-576
-668
-676
-636
-556
-608
-660
-496
-500
-648
-636
-596
-708
-628
-624
-588
-552
-508
-716
-600
-532
-604
-656
-732
-536
-512
-680
-768
-532
-484
-712
-840
-620
-632
-636
-644
-584
-584
-724
-752
-556
-448
-644
-716
-624
-588
-536
-624
-736
-516
-600
-684
-720
-648
-680
-608
-668
-668
-620
-600
-768
-760
-572
-632
-656
-636
-536
-640
-744
-740
-736
-628
-636
-744
-680
-484
-656
-676
-620
-580
-624
-612
-628
-588
-680
-688
-704
-628
-616
-628
-624
-700
-524
-484
-576
-644
-620
-600
-596
-560
-576
-516
-528
-604
-568
-588
-624
-572
-608
-596
-664
-580
-576
-644
-720
-732
-632
-580
-616
-656
-456
-492
-588
-616
-592
-584
-596
-528
-636
-608
-568
-576
-584
-616
-644
-608
-580
-548
-496
-556
-544
-508
-612
-668
-692
-676
-572
-532
-616
-676
-628
-592
-616
-656
-736
-704
-612
-568
-624
-644
-684
-628
-468
-548
Empfangene Message: DAC1!1000

Gesetzter DAC1-Wert = 1000
Empfangene Message: samplex?

Statistik mit fester Abtastzeit (500us) wird berechnet ...
"Timer gestoppt"
Closure gestartet ...
Mittelwert: -628
Minwert: -1144
Abweichung nach unten: 516
Maxwert: -152
Abweichung nach oben: 476
Standardabweichung: 208
Alle gemmessenen imux-Werte im Abstand von 500us:
-432
-508
-984
-420
-700
-620
-336
-860
-636
-512
-828
-384
-628
-928
-408
-728
-544
-364
-960
-572
-580
-696
-220
-700
-816
-372
-756
-544
-492
-984
-564
-672
-640
-292
-772
-820
-548
-936
-444
-544
-892
-740
-576
-272
-968
-728
-596
-904
-436
-620
-928
-400
-724
-528
-380
-1020
-588
-600
-872
-348
-764
-888
-424
-752
-500
-428
-988
-584
-632
-736
-352
-788
-708
-372
-780
-408
-512
-952
-504
-704
-696
-236
-820
-676
-436
-808
-312
-540
-900
-504
-792
-688
-388
-864
-568
-528
-716
-188
-664
-876
-432
-820
-544
-396
-1004
-616
-680
-788
-240
-700
-692
-432
-768
-392
-480
-924
-404
-636
-688
-328
-912
-484
-748
-360
-536
-784
-344
-704
-544
-392
-1032
-612
-488
-852
-548
-756
-844
-364
-716
-548
-388
-912
-476
-508
-824
-348
-856
-808
-432
-872
-512
-644
-1144
-644
-700
-672
-320
-868
-628
-404
-848
-348
-604
-968
-500
-852
-724
-436
-980
-576
-480
-684
-324
-780
-916
-444
-780
-684
-544
-1076
-596
-676
-780
-384
-876
-780
-352
-700
-440
-492
-852
-484
-696
-660
-360
-968
-816
-520
-664
-296
-588
-372
-604
-492
-268
-988
-588
-460
-920
-440
-780
-908
-380
-756
-524
-388
-1008
-524
-464
-712
-288
-832
-760
-412
-764
-384
-408
-972
-400
-568
-740
-268
-752
-652
-436
-704
-256
-568
-856
-492
-760
-684
-264
-868
-528
-472
-824
-332
-656
-812
-384
-740
-524
-448
-1032
-560
-640
-816
-304
-764
-800
-336
-740
-472
-504
-976
-476
-596
-568
-232
-808
-736
-396
-748
-412
-480
-884
-516
-688
-576
-400
-672
-496
-888
-524
-784
-948
-456
-732
-464
-452
-1072
-580
-512
-724
-220
-668
-780
-492
-832
-504
-520
-1000
-496
-692
-780
-408
-808
-776
-440
-708
-392
-572
-988
-412
-708
-788
-384
-908
-640
-496
-780
-292
-532
-928
-388
-740
-616
-348
-980
-592
-592
-808
-220
-720
-836
-384
-868
-492
-368
-936
-408
-580
-776
-312
-828
-868
-516
-812
-348
-480
-928
-468
-672
-556
-244
-960
-604
-488
-804
-352
-944
-500
-824
-596
-460
-1060
-680
-576
-764
-252
-748
-844
-340
-764
-560
-496
-1016
-476
-628
-800
-352
-788
-808
-456
-896
-380
-460
-836
-424
-592
-672
-304
-836
-672
-396
-836
-484
-676
-904
-416
-684
-560
-304
-828
-568
-512
-736
-300
-792
-888
-404
-776
-516
-400
-908
-452
-592
-684
-288
-900
-860
-468
-924
-508
-520
-980
-384
-632
-700
-376
-912
-712
-412
-872
-364
-600
-936
-436
-680
-428
-968
-688
-456
-700
-292
-696
-944
-436
-788
-488
-388
-1032
-524
-572
-852
-360
-896
-952
-524
-844
-504
-508
-1032
-452
-660
-680
-328
-920
-760
-448
-784
-328
-664
-992
-420
-740
-768
-444
-940
-588
-456
-740
-400
-668
-844
-304
-712
-564
-528
-1000
-472
-568
-756
-240
-712
-872
-388
-684
-468
-500
-932
-448
-580
-692
-272
-824
-664
-332
-772
-312
-520
-856
-352
-708
-616
-276
-960
-652
-808
-292
-708
-776
-368
-724
-532
-348
-1032
-648
-616
-788
-304
-728
-764
-512
-816
-404
-464
-956
-536
-700
-632
-308
-852
-816
-620
-916
-460
-668
-920
-472
-768
-680
-312
-812
-520
-496
-772
-360
-736
-876
-440
-756
-624
-520
-1056
-664
-612
-764
-364
-900
-948
-524
-884
-532
-476
-996
-508
-568
-704
-384
-1008
-908
-552
-836
-512
-684
-924
-484
-728
-656
-396
-988
-636
-476
-792
-424
-676
-876
-860
-512
-400
-1016
-644
-668
-820
-152
-724
-788
-424
-800
-508
-524
-984
-524
-596
-776
-392
-932
-688
-448
-716
-324
-516
-908
-472
-628
-544
-284
-776
-564
-488
-784
-364
-644
-820
-432
-796
-644
-448
-940
-500
-620
-740
-276
-716
-916
-456
-788
-448
-524
-1036
-504
-612
-668
-252
-888
-720
-416
-816
-444
-640
-1012
-600
-704
-580
-260
-848
-712
-608
-800
-372
-576
-800
-388
-712
-520
-432
-1116
-504
-824
-292
-644
-748
-328
-744
-484
-400
-1008
-572
-628
-748
-408
-892
-820
-456
-716
-352
-580
-1072
-516
-604
-628
-396
-928
-684
-560
-756
-332
-752
-984
-504
-832
-628
-456
-932
-488
-556
-732
-268
-684
-812
-372
-720
-476
-432
-1008
-544
-608
-672
-244
-876
-764
-384
-728
-384
-508
-952
-500
-860
-820
-400
-988
-640
-496
-768
-392
-688
-872
-368
-656
-468
-464
-1052
-664
-600
-876
-372
-780
-308
-756
-468
-456
-984
-552
-628
-740
-364
-840
-796
-524
-732
-328
-612
-1140
-440
-652
-636
-276
-764
-676
-516
-688
-360
-548
-952
-444
-796
-656
-248
-852
-504
-460
-808
-340
-684
-980
-448
-708
-504
-384
-916
-456
-520
-656
-152
-744
-784
-304
-688
-440
-480
-840
-360
-576
-648
-232
-864
-636
-368
-828
-408
-520
-872
-348
-704
-632
-332
-1012
-700
-512
-772
-472
-788
-928
-428
-540
-420
-1000
-504
-548
-764
-312
-756
-740
-420
-812
-436
-492
-1092
-576
-664
-712
-388
-868
-804
-508
-744
-412
-732
-956
-508
-836
-756
-420
-888
-616
-460
-676
-412
-744
-912
-480
-820
-604
-432
-1108
-656
-596
-736
-344
-852
-856
-456
-852
-556
-448
-968
-576
-724
-832
-476
-968
-760
-348
-780
-532
-612
-888
-424
-692
-704
-404
-1028
-736
-476
-772
-296
-760
-952
-396
-756
-448
-424
-988
-552
-780
-304
-664
-804
-472
-872
-536
-576
-1044
-592
-588
-680
-264
-872
-724
-380
-740
-320
-556
-1040
-552
-736
-680
-316
-868
-612
-472
-748
-316
-688
-932
-364
-728
-648
-396
-932
-644
-564
-708
-332
-700
-848
-492
-840
-480
-380
-900
-444
-652
-820
-344
-812
-852
-604
-860
-320
-440
-912
-384
-712
-644
-196
-904
-716
-448
-704
-292
-608
-852
-364
-724
-544
-432
-960
-552
-540
-752
-356
-876
-460
-808
-356
-404
-948
Empfangene Message: DAC1!1500

Gesetzter DAC1-Wert = 1500
Empfangene Message: samplex?

Statistik mit fester Abtastzeit (500us) wird berechnet ...
"Timer gestoppt"
Closure gestartet ...
Mittelwert: -630
Minwert: -1584
Abweichung nach unten: 954
Maxwert: 300
Abweichung nach oben: 930
Standardabweichung: 486
Alle gemmessenen imux-Werte im Abstand von 500us:
-8
-280
-992
-912
-196
-192
-1116
-552
-144
-548
-1064
-780
-144
-308
-932
-1040
-364
-148
-744
-1240
-680
-36
-316
-1164
-1000
-216
-200
-888
-1156
-412
16
-584
-1192
-724
-60
-360
-1168
-1092
-180
-156
-952
-1272
-584
-68
-596
-1308
-876
-128
-348
-1236
-1204
-208
-52
-892
-1300
-504
76
-512
-1440
-992
-4
-176
-1320
-1288
-132
164
-900
-1504
-484
176
-532
-1524
-964
56
-112
-1084
-1236
-376
24
-816
-1276
-576
-20
-580
-1412
-56
-148
-1028
-1144
-380
-68
-684
-1332
-688
-4
-468
-1176
-1056
-248
-32
-956
-1364
-620
-112
-660
-1324
-904
-40
-228
-964
-1148
-476
-104
-664
-1144
-680
-68
-380
-1144
-1020
-332
-152
-920
-1120
-572
-196
-684
-1172
-704
-120
-316
-1148
-1172
-260
0
-916
-1340
-504
88
-560
-1368
-844
60
-160
-1260
-1340
-240
112
-836
-1488
-552
124
-508
-1436
-936
52
-136
-1072
-1176
-272
20
-864
-1280
136
-472
-1364
-848
140
-220
-1256
-1320
-100
252
-888
-1480
-532
260
-472
-1428
-1028
92
-196
-1228
-1276
-184
100
-784
-1368
-684
20
-504
-1264
-924
-104
-76
-1072
-1268
-308
-60
-884
-1340
-636
-68
-364
-1176
-1124
-416
-120
-888
-1268
-476
52
-552
-1316
-1016
-212
-260
-1056
-1140
-472
-216
-712
-1180
-728
-108
-336
-1040
-964
-256
-188
-884
-1280
-672
-200
-540
-1124
-796
-264
-348
-1060
-1048
-320
-692
-1236
-608
-80
-472
-1288
-944
-108
-148
-936
-1252
-312
52
-720
-1360
-700
-16
-332
-1204
-1052
-112
-88
-936
-1252
-480
-64
-792
-1440
-752
68
-436
-1372
-1012
-12
-100
-1140
-1320
-312
176
-756
-1564
-736
232
-268
-1336
-1160
-80
0
-1052
-1460
-472
64
-648
-1436
-788
8
-152
-1104
-1040
-164
-60
-816
-1188
-504
-40
-676
-1288
-868
-88
-272
-1092
-1144
-260
-20
-816
-1188
-568
-48
-464
-968
-276
-200
-868
-1080
-504
-152
-568
-1044
-744
-88
-216
-964
-1104
-436
-220
-804
-1236
-744
-180
-496
-1084
-948
-180
-228
-912
-1144
-332
28
-728
-1324
-648
64
-352
-1308
-1188
-92
40
-980
-1396
-444
176
-656
-1568
-828
72
-216
-1372
-1168
-56
24
-992
-1416
-464
136
-632
-1480
-884
140
-340
-1368
-1192
68
16
-1140
-1448
-256
268
-644
-1504
-828
208
-328
-1388
-1184
60
64
-1068
-1460
-484
-680
-1448
-872
-48
-408
-1196
-1204
-200
-52
-892
-1164
-480
-16
-560
-1284
-800
52
-240
-1060
-1164
-336
40
-588
-1084
-640
-80
-432
-1208
-1000
-176
-168
-884
-1164
-640
-144
-468
-960
-680
-140
-284
-908
-1052
-520
-200
-704
-1012
-628
-156
-392
-1016
-972
-236
-160
-848
-1204
-532
-20
-560
-1328
-864
4
-264
-1128
-1136
-300
-84
-888
-1464
-616
112
-548
-1360
-828
48
-220
-1240
-1172
-156
76
-760
-520
64
-540
-1252
-780
104
-208
-1292
-1248
-236
64
-944
-1380
-448
204
-480
-1444
-1020
32
-116
-1192
-1216
-188
116
-916
-1400
-456
128
-452
-1332
-968
-52
-240
-1116
-1256
-392
-100
-784
-1348
-684
120
-364
-1252
-1012
-64
-104
-992
-1324
-656
-128
-556
-1224
-916
-80
-260
-1048
-1156
-504
-208
-732
-1232
-820
-248
-416
-1012
-964
-232
-216
-868
-1116
-456
-196
-760
-1152
-760
-164
-452
-1056
-1012
-68
-820
-1132
-472
136
-432
-1276
-848
44
-252
-1240
-1324
-196
64
-760
-1584
-588
288
-368
-1448
-1008
28
-60
-1088
-1328
-336
96
-652
-1244
-624
100
-508
-1316
-896
-60
-284
-1224
-1216
-300
52
-796
-1312
-556
256
-504
-1364
-1072
16
40
-1080
-1360
-240
300
-708
-1528
-628
284
-324
-1208
-1008
-96
-56
-908
-1184
-480
-64
-656
-1244
-808
20
-236
-1124
-1044
-140
-28
-780
-1268
-596
4
-1268
-960
-84
-164
-976
-1184
-500
-128
-720
-1104
-652
-168
-456
-1024
-1004
-292
-212
-848
-1108
-548
-212
-564
-1044
-788
-232
-356
-1108
-1260
-580
-200
-648
-1152
-668
-84
-536
-1276
-948
-100
-164
-1032
-1284
-420
-92
-676
-1324
-700
108
-304
-1172
-1076
-172
-56
-988
-1276
-464
32
-680
-1272
-748
76
-356
-1300
-1164
-224
-28
-1072
-1444
-452
180
-636
-1468
-796
228
-232
-1304
-1284
-100
164
-1040
-500
32
-548
-1356
-848
88
-188
-1084
-1140
-180
-4
-800
-1388
-588
48
-492
-1356
-952
-68
-212
-1004
-1132
-268
124
-672
-1316
-664
48
-320
-1160
-1032
-180
-96
-876
-1116
-392
4
-524
-1192
-788
-64
-336
-1028
-1088
-316
-60
-780
-1216
-608
40
-480
-1140
-992
-256
-236
-976
-1128
-452
-44
-632
-1256
-688
44
-248
-1300
-1088
-76
4
-996
-1396
-524
72
-664
-1460
-808
120
-120
-1236
-132
120
-872
-1424
-596
44
-576
-1352
-936
24
-292
-1244
-1180
-144
160
-916
-1324
-368
80
-664
-1372
-772
52
-320
-1296
-1124
36
0
-936
-1464
-576
112
-620
-1344
-948
-28
-220
-1172
-1172
-212
-80
-840
-1296
-556
80
-528
-1292
-980
-72
-148
-1080
-1272
-408
-36
-616
-1260
-720
0
-408
-1108
-1112
-396
-108
-748
-1196
-652
-160
-612
-1092
-900
-252
-228
-764
-1104
-564
-192
-516
-1032
-172
-396
-996
-960
-384
-224
-820
-1036
-524
-164
-484
-1140
-812
-88
-216
-1048
-1108
-176
-60
-816
-1352
-664
-76
-456
-1224
-932
-100
-192
-1076
-1236
-332
16
-800
-1276
-652
32
-460
-1316
-944
44
-44
-1024
-1240
-352
52
-872
-1472
-528
276
-404
-1416
-932
124
-96
-1192
-1272
-240
232
-780
-1496
-748
252
-320
-1380
-1108
-16
-92
-1020
-1332
-396
92
-648
-1200
-704
52
-324
-1272
-1140
-140
-64
-1384
-520
48
-540
-1324
-932
-116
-280
-1128
-1108
-324
-120
-728
-1212
-740
-132
-432
-1092
-960
-312
-160
-808
-1124
-616
-196
-588
-1068
-880
-272
-304
-836
-1012
-436
-136
-692
-1200
-752
-200
-452
-1116
-944
-220
-96
-912
-1156
-332
Empfangene Message: DAC1!500

Gesetzter DAC1-Wert = 500
Empfangene Message: geplostert

Folgende Kommandos stehen zur Verfügung.
?               - Hilfe
help?           - Hilfe
ver?            - Version der Software: Datum und Zeit
imu?            - IMU-Werte ausgeben
imuraw?         - IMU-Rohwerte ausgeben
imucal?         - IMU-Offset-Werte kalibrieren und ausgeben (z=-1g
iacc!x          - IMU-Beschl.Range einstellen x = [0|1|2|3] => 2g|4g|8g|16g
iacc?           - IMU-Beschl.Range auslesen x = [0|1|2|3] => 2g|4g|8g|16g
igyro!x         - IMU-Gyro-Range einstellen x = [0|1|2|3] => 250|500|1000|2000 dps
igyro?          - IMU-Gyro-Range auslesen x = [0|1|2|3] => 250|500|1000|2000 dps
DAC1!x          - DAC1 schreiben x = [0..4095]
testx?          - IMUx wird ausgelesen (einige 100x) und dann statistisch bewertet (TA unbekannt).
samplex?        - IMUx wird 1000x ausgelesen und dann statistisch bewertet (TA=500us).
tp!step.n       - test des Tiefpasses: Sprung nach step, n Iterationen

Für alle Eingaben gilt: ON|VALID = 1 sowie OFF|INVALID = 0
Empfangene Message: samplex?

Statistik mit fester Abtastzeit (500us) wird berechnet ...
"Timer gestoppt"
Closure gestartet ...
Mittelwert: 2458
Minwert: 2080
Abweichung nach unten: 378
Maxwert: 2860
Abweichung nach oben: 402
Standardabweichung: 129
Alle gemmessenen imux-Werte im Abstand von 500us:
2348
2452
2608
2480
2356
2372
2528
2556
2340
2388
2528
2448
2440
2580
2456
2332
2504
2604
2396
2316
2396
2456
2440
2380
2512
2532
2440
2368
2512
2596
2396
2408
2608
2504
2372
2392
2424
2504
2508
2452
2544
2476
2308
2384
2552
2456
2416
2484
2580
2416
2380
2396
2404
2384
2536
2500
2388
2416
2492
2540
2428
2420
2484
2396
2352
2572
2492
2280
2348
2568
2604
2320
2316
2472
2592
2336
2356
2540
2336
2380
2384
2600
2520
2412
2432
2576
2580
2328
2468
2560
2340
2308
2608
2628
2328
2488
2576
2468
2388
2376
2492
2540
2256
2312
2704
2404
2160
2500
2564
2396
2512
2544
2516
2392
2340
2480
2424
2220
2336
2764
2328
2164
2556
2584
2276
2276
2516
2640
2444
2588
2668
2312
2300
2648
2508
2420
2500
2632
2628
2420
2292
2548
2556
2404
2532
2756
2512
2252
2480
2564
2376
2360
2412
2600
2516
2324
2468
2480
2420
2424
2508
2452
2468
2544
2572
2484
2424
2596
2512
2304
2508
2632
2400
2364
2592
2612
2472
2208
2400
2660
2440
2272
2624
2700
2388
2416
2588
2544
2412
2412
2536
2556
2356
2436
2756
2404
2080
2624
2844
2360
2252
2592
2636
2460
2268
2496
2256
2212
2700
2568
2284
2440
2760
2484
2368
2344
2544
2560
2328
2524
2636
2448
2292
2580
2684
2448
2396
2640
2552
2236
2396
2640
2560
2304
2336
2560
2436
2256
2392
2672
2348
2176
2660
2580
2244
2336
2572
2488
2292
2348
2628
2636
2104
2380
2664
2424
2148
2496
2716
2532
2332
2368
2704
2460
2336
2564
2540
2312
2292
2516
2532
2268
2408
2708
2524
2212
2444
2660
2440
2324
2452
2624
2360
2500
2620
2176
2364
2608
2452
2280
2392
2488
2364
2376
2360
2664
2348
2160
2548
2700
2260
2264
2648
2520
2256
2364
2580
2624
2296
2208
2668
2600
2312
2308
2560
2440
2388
2476
2536
2556
2444
2524
2492
2472
2420
2472
2420
2348
2372
2484
2572
2448
2440
2512
2504
2388
2428
2628
2452
2320
2460
2508
2468
2408
2568
2552
2468
2428
2532
2424
2332
2432
2632
2496
2336
2436
2632
2488
2328
2500
2380
2252
2484
2592
2440
2360
2468
2476
2416
2444
2556
2460
2408
2576
2572
2448
2348
2380
2520
2356
2364
2544
2428
2328
2380
2548
2476
2268
2384
2528
2316
2208
2472
2548
2428
2324
2444
2488
2392
2396
2540
2640
2380
2420
2588
2520
2472
2512
2560
2516
2436
2496
2508
2468
2452
2552
2444
2400
2388
2464
2464
2448
2468
2628
2528
2276
2476
2604
2480
2456
2456
2528
2368
2308
2524
2728
2448
2376
2696
2340
2316
2560
2580
2376
2420
2560
2556
2348
2452
2640
2376
2232
2552
2604
2288
2276
2564
2508
2400
2388
2456
2548
2468
2448
2592
2440
2128
2500
2572
2408
2444
2492
2420
2464
2324
2516
2608
2324
2236
2660
2588
2284
2560
2752
2384
2300
2500
2644
2504
2272
2424
2728
2420
2248
2488
2596
2360
2296
2520
2456
2408
2332
2424
2552
2448
2424
2544
2532
2308
2356
2588
2476
2416
2384
2456
2304
2392
2532
2432
2404
2568
2640
2492
2468
2584
2500
2384
2444
2628
2456
2372
2672
2520
2248
2424
2560
2624
2316
2344
2524
2488
2304
2560
2796
2592
2416
2484
2536
2440
2412
2472
2544
2448
2316
2572
2648
2208
2280
2676
2468
2216
2552
2748
2520
2252
2332
2696
2584
2128
2444
2596
2404
2232
2536
2600
2416
2324
2584
2572
2284
2432
2640
2580
2304
2456
2788
2488
2272
2528
2696
2488
2608
2632
2472
2480
2656
2544
2384
2320
2664
2616
2212
2540
2704
2344
2340
2548
2612
2384
2244
2468
2776
2288
2140
2692
2708
2296
2332
2700
2572
2332
2204
2568
2488
2224
2416
2576
2528
2156
2516
2692
2384
2340
2592
2680
2300
2352
2712
2500
2272
2272
2624
2604
2416
2348
2692
2412
2248
2680
2544
2412
2392
2444
2436
2392
2348
2628
2660
2220
2252
2676
2376
2232
2576
2628
2464
2364
2488
2456
2176
2360
2548
2368
2248
2548
2580
2452
2476
2508
2576
2404
2436
2468
2556
2480
2468
2540
2424
2356
2544
2556
2444
2388
2516
2536
2524
2452
2596
2600
2336
2336
2516
2344
2388
2456
2544
2448
2344
2516
2468
2336
2300
2552
2496
2356
2376
2520
2520
2336
2396
2600
2536
2276
2408
2540
2456
2304
2468
2580
2548
2528
2512
2480
2432
2360
2476
2428
2416
2508
2544
2412
2316
2540
2664
2368
2516
2568
2304
2308
2480
2468
2324
2444
2488
2400
2328
2364
2532
2512
2376
2372
2516
2500
2424
2464
2548
2476
2468
2548
2520
2412
2400
2500
2576
2416
2568
2476
2496
2400
2396
2404
2348
2364
2440
2388
2204
2420
2560
2324
2304
2428
2592
2560
2280
2316
2536
2448
2296
2504
2592
2440
2340
2464
2540
2400
2360
2508
2612
2376
2300
2508
2416
2292
2448
2636
2468
2280
2536
2552
2504
2480
2632
2460
2248
2532
2704
2292
2352
2704
2496
2216
2416
2488
2504
2404
2324
2692
2440
2228
2528
2700
2316
2372
2744
2552
2364
2276
2508
2544
2364
2364
2756
2744
2248
2392
2644
2408
2244
2404
2540
2528
2400
2448
2620
2520
2292
2604
2668
2396
2308
2436
2492
2456
2384
2536
2624
2400
2348
2588
2516
2352
2444
2428
2420
2500
2472
2508
2368
2424
2532
2432
2308
2516
2624
2400
2376
2460
2472
2396
2508
2692
2472
2284
2576
2588
2364
2364
2532
2424
2348
2428
2460
2448
2284
2412
2592
2308
2224
2700
2672
2316
2376
2604
2596
2300
2252
2604
2688
2100
2224
2740
2536
2260
2428
2636
2580
2376
2468
2600
2336
2236
2500
2584
2388
2320
2612
2572
2416
2364
2664
2552
2220
2448
2612
2480
2336
2384
2560
2376
2136
2476
2696
2220
2272
2736
2536
2216
2452
2664
2488
2352
2408
2860
2144
2544
2692
2324
2236
2536
2544
2388
2196
2440
2668
2328
2296
2628
2584
2268
2396
2688
2588
2304
2420
2648
2404
2216
2556
2528
2376
Empfangene Message: am letzten gewackeltz vergessen

Folgende Kommandos stehen zur Verfügung.
?               - Hilfe
help?           - Hilfe
ver?            - Version der Software: Datum und Zeit
imu?            - IMU-Werte ausgeben
imuraw?         - IMU-Rohwerte ausgeben
imucal?         - IMU-Offset-Werte kalibrieren und ausgeben (z=-1g
iacc!x          - IMU-Beschl.Range einstellen x = [0|1|2|3] => 2g|4g|8g|16g
iacc?           - IMU-Beschl.Range auslesen x = [0|1|2|3] => 2g|4g|8g|16g
igyro!x         - IMU-Gyro-Range einstellen x = [0|1|2|3] => 250|500|1000|2000 dps
igyro?          - IMU-Gyro-Range auslesen x = [0|1|2|3] => 250|500|1000|2000 dps
DAC1!x          - DAC1 schreiben x = [0..4095]
testx?          - IMUx wird ausgelesen (einige 100x) und dann statistisch bewertet (TA unbekannt).
samplex?        - IMUx wird 1000x ausgelesen und dann statistisch bewertet (TA=500us).
tp!step.n       - test des Tiefpasses: Sprung nach step, n Iterationen

Für alle Eingaben gilt: ON|VALID = 1 sowie OFF|INVALID = 0
Empfangene Message: samplex?

Statistik mit fester Abtastzeit (500us) wird berechnet ...
"Timer gestoppt"
Closure gestartet ...
Mittelwert: 2406
Minwert: 1992
Abweichung nach unten: 414
Maxwert: 2836
Abweichung nach oben: 430
Standardabweichung: 147
Alle gemmessenen imux-Werte im Abstand von 500us:
2528
2460
2372
2568
2540
2260
2404
2504
2472
2440
2512
2548
2428
2360
2460
2440
2316
2404
2468
2492
2324
2400
2560
2436
2208
2320
2452
2412
2360
2468
2556
2320
2224
2516
2656
2308
2356
2512
2560
2244
2356
2548
2536
2272
2272
2516
2476
2300
2256
2488
2400
2092
2284
2564
2476
2236
2408
2372
2344
2372
2488
2428
2392
2428
2344
2320
2592
2548
2292
2360
2484
2532
2332
2236
2460
2580
2164
2224
2632
2320
2124
2380
2640
2460
2272
2336
2616
2644
2160
2516
2540
2256
2372
2424
2384
2364
2272
2468
2564
2164
2324
2632
2532
2464
2324
2448
2552
2472
2240
2480
2520
2424
2512
2204
2388
2524
2316
2252
2376
2492
2524
2428
2220
2512
2628
2364
2340
2504
2500
2324
2340
2496
2576
2324
2448
2500
2308
2328
2504
2496
2352
2528
2468
2512
2340
2336
2452
2376
2396
2436
2512
2316
2356
2412
2440
2336
2372
2496
2472
2396
2336
2604
2488
2368
2628
2512
2292
2312
2544
2416
2200
2300
2576
2480
2156
2216
2664
2404
2144
2420
2620
2500
2232
2340
2648
2404
2180
2508
2596
2208
2204
2564
2444
2228
2280
2456
2508
2212
2264
2604
2512
2100
2472
2732
2404
2304
2420
2456
2428
2332
2452
2576
2236
2676
2480
2112
2388
2656
2296
2060
2472
2524
2276
2128
2416
2648
2184
2056
2536
2588
2212
2336
2612
2496
2164
2260
2536
2364
2212
2384
2704
2476
2144
2324
2640
2288
2168
2560
2660
2284
2312
2684
2724
2264
2236
2560
2588
2104
2276
2724
2480
2240
2368
2616
2444
2152
2388
2580
2284
2176
2568
2600
2272
2180
2628
2528
2236
2332
2676
2568
2292
2404
2560
2476
2276
2352
2532
2368
2248
2424
2488
2424
2496
2384
2396
2404
2612
2340
2232
2672
2692
2272
2216
2540
2520
2292
2200
2584
2620
2236
2276
2612
2572
2252
2384
2628
2452
2264
2500
2632
2408
2184
2372
2492
2356
2328
2452
2440
2320
2412
2596
2560
2344
2408
2396
2376
2308
2372
2496
2436
2324
2440
2440
2180
2332
2464
2276
2176
2400
2500
2408
2252
2380
2648
2412
2228
2496
2580
2384
2208
2568
2604
2404
2424
2492
2552
2336
2376
2532
2388
2456
2460
2460
2396
2488
2480
2300
2244
2472
2496
2260
2232
2496
2384
2332
2408
2628
2480
2172
2512
2656
2348
2096
2484
2500
2044
2028
2408
2656
2248
2244
2524
2536
2304
2208
2420
2528
2344
2396
2620
2536
2240
2336
2512
2308
2152
2408
2532
2484
2516
2456
2416
2376
2444
2468
2388
2332
2436
2628
2316
2288
2452
2552
2208
2088
2368
2592
2168
2220
2692
2600
2188
2288
2432
2416
2216
2520
2520
2276
2500
2580
2288
2328
2360
2520
2508
2360
2492
2588
2344
2308
2560
2428
2456
2380
2492
2628
2452
2264
2448
2552
2300
2404
2236
2252
2540
2420
2264
2372
2560
2632
2416
2116
2384
2632
2184
2228
2484
2456
2236
2196
2468
2556
2280
2232
2556
2560
2360
2232
2496
2488
2184
2380
2408
2520
2352
2284
2504
2416
2372
2440
2568
2228
2328
2496
2348
2248
2196
2340
2488
2356
2404
2440
2352
2200
2552
2268
2308
2544
2528
2292
2248
2548
2492
2080
2144
2580
2408
2264
2456
2612
2304
2236
2304
2664
2420
2200
2476
2608
2244
2204
2628
2552
2308
2348
2408
2480
2220
2272
2696
2556
2048
2356
2696
2364
2304
2436
2456
2388
2252
2496
2556
2364
2140
2596
2432
2116
2496
2708
2288
2160
2492
2560
2360
2256
2432
2576
2264
2080
2516
2624
2208
2256
2624
2472
2148
2208
2548
2444
2332
2364
2728
2404
2500
2728
2332
2152
2704
2640
2232
2252
2560
2668
2268
2232
2768
2672
1992
2312
2836
2516
2232
2448
2608
2420
2248
2448
2560
2240
2112
2624
2644
2216
2208
2564
2652
2356
2304
2512
2460
2104
2336
2620
2520
2220
2416
2520
2344
2364
2428
2372
2308
2404
2496
2368
2256
2432
2548
2300
2236
2588
2612
2232
2200
2544
2524
2224
2216
2480
2524
2192
2148
2468
2500
2156
2376
2640
2476
2360
2404
2576
2276
2540
2488
2356
2240
2500
2464
2244
2312
2476
2444
2380
2436
2500
2500
2228
2436
2520
2504
2352
2436
2528
2264
2416
2572
2404
2180
2452
2508
2396
2236
2328
2524
2332
2212
2528
2584
2376
2216
2504
2488
2332
2252
2376
2460
2308
2276
2500
2484
2256
2288
2464
2432
2292
2332
2384
2316
2308
2564
2572
2388
2384
2604
2424
2252
2424
2600
2364
2232
2496
2528
2316
2136
2568
2628
2304
2192
2500
2296
2280
2524
2600
2232
2168
2596
2568
2412
2376
2596
2460
2324
2404
2560
2548
2308
2480
2484
2448
2472
2384
2496
2332
2428
2524
2388
2336
2460
2456
2344
2400
2472
2472
2232
2296
2580
2612
2204
2216
2704
2500
2308
2388
2552
2436
2288
2308
2480
2388
2104
2404
2520
2272
2296
2436
2432
2368
2352
2460
2584
2188
2240
2532
2400
2488
2288
2324
2468
2308
2184
2480
2572
2292
2460
2312
2468
2652
2296
2300
2476
2452
2432
2252
2452
2620
2332
2332
2508
2620
2280
2236
2460
2624
2364
2256
2476
2524
2364
2172
2384
2396
2256
2492
2492
2396
2344
2412
2484
2368
2208
2372
2520
2304
2328
2516
2376
2260
2388
2540
2464
2420
2356
2540
2280
2148
2564
2524
2320
2276
2476
2584
2320
2264
2548
2512
2216
2336
2680
2384
2228
2384
2588
2348
2116
2332
2684
2392
2264
2524
2604
2208
2216
2488
2396
2328
2468
2632
2320
2232
2684
2516
2120
2496
2692
2240
2228
2456
2612
2428
2308
2452
2628
2424
2140
2580
2552
2160
2416
2728
2448
2248
2588
2612
2408
2188
2500
2728
2356
2084
2580
2740
2228
2196
2464
2480
2124
2264
2608
2428
2152
2360
2608
2440
2128
2536
2748
2276
2100
2564
2616
2232
2224
2532
2596
2220
2188
2688
2756
2060
2268
2736
2476
2184
2388
2624
2516
2216
2420
2672
2332
2156
2556
2264
2240
2572
2504
2192
2404
2576
2556
Empfangene Message: DAC1!1000

Gesetzter DAC1-Wert = 1000
Empfangene Message: samplex?

Statistik mit fester Abtastzeit (500us) wird berechnet ...
"Timer gestoppt"
Closure gestartet ...
Mittelwert: 2403
Minwert: 824
Abweichung nach unten: 1579
Maxwert: 4000
Abweichung nach oben: 1597
Standardabweichung: 838
Alle gemmessenen imux-Werte im Abstand von 500us:
1896
1812
3944
1892
2440
3236
1064
3008
2928
1592
3124
1652
2144
3672
1628
2816
2744
1016
3432
2680
1608
3008
1588
2728
3484
1360
3156
2588
1080
3572
2376
1924
2984
1304
2972
3280
1496
3444
1360
3848
2136
1992
2676
1392
3408
2632
1320
3552
1808
1520
3620
2032
2532
2440
1308
3780
2604
1608
3468
1396
1988
3532
1592
2764
2372
1488
3888
2076
1960
3548
1232
2408
3300
1628
3016
1936
1652
3892
1776
2120
3232
1000
2872
3100
1448
3076
1744
1952
3740
1620
2612
3008
836
3104
2944
1800
2984
1360
2488
3568
1376
2932
2780
1272
3364
2316
1968
2948
1300
2912
3320
1436
3236
2132
1324
1960
2328
2888
1188
3188
3036
1576
3216
1540
1852
3860
1616
2292
2784
1536
3328
2216
1840
3636
1300
1960
3788
1680
2560
2392
1720
3872
1908
1820
3664
1144
2312
3592
1568
2836
2092
1808
3876
1692
2132
3512
1036
2536
3204
1896
3172
1712
2044
3868
1604
2404
3064
1052
3188
2868
1800
3272
1416
2256
3716
1424
2880
2692
964
3460
2544
1880
3236
1328
2564
3500
1384
2996
2232
1372
3752
2244
1888
1432
3156
2984
1588
3480
1976
1596
3684
1832
2308
2824
1356
3296
2452
1648
3692
1404
1708
3792
1716
2568
2416
1364
3896
2300
1528
3400
1356
2364
3448
1356
2704
2388
1764
3692
1980
2208
3380
1036
2696
3312
1624
2892
1752
1984
3780
1600
2432
3072
848
3048
2860
1492
2940
1408
2352
3684
1360
2784
2792
1048
3332
2480
1748
3128
1496
2740
3444
1340
3192
2384
1076
3508
2260
2064
2968
1256
3224
1344
3244
2020
1584
3812
1832
2236
2904
1340
3508
2892
1332
3400
1668
1772
3648
1716
2476
2660
1416
3500
2412
1788
3540
1372
2180
3528
1576
2740
2156
1560
3852
2076
2044
3400
1048
2724
3412
1332
2968
2216
1860
3740
1736
2424
3440
960
2932
3336
1584
2780
1860
2388
3652
1408
2664
2980
984
3056
2788
1964
2924
1392
2940
3776
1232
3004
2820
1240
3332
2248
2108
3124
1108
2964
1248
3076
2324
1512
3556
1980
2176
2964
1376
3272
2980
1564
3320
1744
1848
3712
1660
2448
2592
1412
3664
2564
1536
3616
1440
2028
3544
1592
2772
2512
1564
3716
2156
1788
3312
1052
2456
3464
1512
2760
2188
1876
3676
1612
2400
3512
836
2564
3120
1800
3092
1592
1968
3964
1528
2400
3096
944
2972
2868
1648
3128
1520
2264
3632
1324
2676
2752
1036
3360
2648
1800
2900
1300
2632
3316
1280
3300
1056
3556
2328
2032
2836
1244
3280
3264
1216
3412
2236
1320
3440
2040
2324
2736
1092
3440
2936
1340
3388
1872
1828
3628
1800
2596
2604
1220
3604
2604
1668
3412
1472
2256
3504
1484
2820
2340
1500
3692
2156
2100
3340
1048
2624
3416
1436
2852
2172
1884
3644
1820
2516
3276
824
2888
3192
1592
2952
1768
2332
3716
1576
2860
3128
944
3268
2932
1644
2916
1488
2672
3544
1128
3080
2860
932
2592
2080
2884
1300
3072
3516
1160
3036
2456
1468
3540
2076
2232
2896
1304
3276
3048
1324
3276
1928
1644
3544
1704
2448
2732
1368
3572
2652
1520
3392
1492
2060
3540
1556
2588
2388
1516
3796
2160
1712
3456
1160
2396
3440
1508
2928
2140
1616
3840
1920
2052
3200
1104
2788
3160
1504
3100
1904
1988
3724
1520
2568
3128
1040
3256
2840
1532
3148
1624
2424
3788
1404
2932
2724
1020
3572
2620
1688
1528
2852
3172
1132
3316
2508
1060
3596
2320
1972
2884
1304
3208
3176
1252
3384
2064
1432
3800
2068
2100
2672
1472
3492
2508
1296
3572
1896
1888
3576
1692
2640
2500
1352
3756
2356
1760
3536
1252
2072
3564
1584
2700
2140
1732
3904
1924
1864
3372
1348
2752
3156
1492
3048
1840
1952
3900
1528
2288
3076
904
3184
2940
1528
3124
1636
2256
3680
1496
2716
2764
1092
3436
2596
1752
3084
1544
2648
1260
3184
2476
1216
3728
2228
1916
3072
1276
3008
3160
1332
3392
2060
1412
3812
2004
2172
2896
1392
3432
2716
1476
3436
1568
1788
3680
1628
2472
2672
1452
3532
2188
1744
3748
1272
1920
3516
1876
2884
2076
1472
3976
1948
1584
3388
1384
2688
3252
1420
2992
1932
1932
3820
1764
2316
3184
1112
3072
2844
1600
3416
1764
2164
3820
1552
2644
2644
884
3616
2692
1480
3144
1628
2512
3376
1308
3124
1100
3528
2284
1768
2992
1580
3056
3220
1308
3312
2092
1292
3588
2036
2240
2852
1364
3348
2820
1404
3368
1676
1720
3788
1652
2412
2692
1392
3524
2428
1556
3532
1476
2144
3540
1468
2484
2320
1708
3796
2080
2048
3464
1040
2476
3444
1588
2848
1872
1888
3976
1580
2104
3280
1068
2900
3052
1568
3108
1808
2168
3776
1528
2564
2984
972
3196
2796
1696
3004
1492
2596
3680
1524
2984
2628
1224
3604
1732
2980
1444
3052
3308
1264
3292
2324
1324
3728
2024
2116
2920
1340
3288
2944
1388
3576
1848
1412
3596
1856
2436
2652
1224
3652
2788
1392
3316
1740
2236
3652
1552
2536
2608
1664
3520
2056
1960
3568
1200
2424
3468
1600
2824
2100
1864
3920
1800
2128
3396
1112
2664
3272
1696
2824
1708
2156
3736
1364
2476
3360
1200
2880
2712
1996
3304
1336
2336
3928
1332
2784
2812
1120
3428
2456
1788
3196
1444
3572
1556
3132
2328
1268
3480
2144
2108
2924
1348
3092
2960
1400
3504
2068
1496
3596
1908
2364
2724
1108
3368
2820
1476
3360
1440
1776
3840
1732
2288
2464
1476
3592
2084
1648
3644
1240
1984
3632
1912
2780
2032
1648
4000
1948
1780
3368
1244
2632
3124
1496
2996
2004
1880
3848
1600
2304
3272
908
2936
3216
1664
2968
1684
2300
3768
1408
2672
2960
1072
3196
2740
1860
2992
1524
2856
3512
1160
2608
1096
3448
2404
2036
3028
1292
3068
3380
1120
3268
2432
1344
3508
2032
2368
2880
1036
3388
3332
1508
3292
1924
1864
3708
1764
2388
2844
1404
3532
Empfangene Message: DAC1!1500

Gesetzter DAC1-Wert = 1500
Empfangene Message: samplex?

Statistik mit fester Abtastzeit (500us) wird berechnet ...
"Timer gestoppt"
Closure gestartet ...
Mittelwert: 2401
Minwert: -7056
Abweichung nach unten: 9457
Maxwert: 11804
Abweichung nach oben: 9403
Standardabweichung: 4943
Alle gemmessenen imux-Werte im Abstand von 500us:
2712
6992
3072
-1940
672
6560
5204
-1064
-1344
4900
7140
1212
-2772
2064
8088
4384
-3156
-1664
7172
8248
-960
-4808
3760
10460
3420
-5844
-1220
8308
-3424
-5456
5772
11244
1488
-6736
676
11040
6728
-4672
-3844
7456
10028
-128
-5840
2388
10460
4832
-4780
-2248
8164
8704
-1236
-5096
3932
10444
3292
-5460
-936
9260
7652
-2972
-4384
5872
10100
1012
-5724
1492
9884
5124
-4204
-2176
7568
8060
-864
-4044
3724
8768
2964
-3460
240
7576
6060
-1432
-2184
4984
7636
1228
-3100
2240
7720
3844
-2640
-244
6888
5836
-1320
-1632
5492
6820
376
-2244
3612
6996
1960
-2096
2024
3460
-1564
372
5944
5080
-508
-984
4588
6460
1064
-2108
2328
7180
3604
-2308
-388
6796
6476
-1224
-2960
4868
8944
1660
-4632
1088
9552
5848
-3956
-2788
7396
9312
-616
-5296
3244
10516
4116
-5196
-1560
8804
8312
-2016
-4672
4660
10112
2712
-5248
-208
9232
7240
-2824
-4228
5604
10048
1508
-5608
1104
10120
6036
-4128
-3064
7596
9300
-772
-5188
3392
9992
3360
-4672
-548
8580
6856
-2204
-3108
5292
8248
1424
-3452
1700
4464
-2124
-1036
6060
6584
156
-2316
3476
7264
2676
-2376
1116
7020
4728
-1496
-752
5712
6004
-304
-1784
4468
6828
1052
-2196
2996
7160
2380
-2212
1804
7144
3788
-1916
188
6352
5508
-884
-1520
4668
7156
1232
-2500
2040
7392
4288
-2236
-1104
6184
7460
-180
-3888
3048
9380
3868
-4516
-1372
8636
8292
-2328
-5228
4852
10928
2484
-6236
-468
10328
7712
-3932
-4980
6528
11012
920
-6496
1160
10808
6220
-4816
-3696
7844
-504
-5996
2988
11020
4508
-5572
-2176
9072
8936
-2260
-5568
4784
10896
2524
-5968
-40
10120
6968
-3824
-3852
6984
9704
168
-5184
2644
9748
4344
-4092
-1268
7724
7460
-1168
-3528
4272
8612
2300
-3660
1000
8076
5296
-2156
-1624
6000
7140
84
-2924
3576
7848
2428
-2940
1244
7232
4320
-1816
-164
6144
5552
-512
-1076
4724
6068
856
-1544
3116
6684
2324
-1856
1412
6652
4256
-1408
-624
5544
6308
60
-2412
3492
2624
-3344
308
7976
6224
-2396
-3008
6012
9156
592
-5084
2104
10052
4924
-4660
-2344
8224
8812
-1424
-5136
4092
10448
3248
-5356
-1040
9176
7952
-2544
-4884
5176
10684
2336
-6136
-340
10368
7692
-4024
-5084
6696
11220
652
-6904
1400
11280
5916
-5276
-3176
8292
9404
-1464
-5532
4004
10192
2948
-4856
-244
8496
6608
-2176
-2848
5276
8044
1072
-3428
1844
7888
4480
-2256
-836
6056
6372
-88
-2176
3956
7148
2008
-2332
1796
6816
-1740
632
6332
4520
-960
-196
5588
5460
-280
-868
4480
6216
848
-1668
3124
6964
2680
-2296
896
6952
5000
-1608
-1416
5476
7544
532
-3544
2248
8704
4444
-3656
-1836
7524
8540
-1032
-5192
3544
10920
3860
-5844
-1508
9668
8848
-3100
-5912
5540
11804
2112
-7056
-92
11096
7560
-4608
-4740
7296
11016
288
-6752
1676
11260
5772
-5436
-3408
8412
10144
-1340
-6544
3492
11736
4092
-6432
-1900
9980
8764
-3264
-5596
6024
11244
-6496
1000
10640
5936
-4636
-3000
7744
8968
-892
-4744
3688
9564
3296
-4208
-400
7988
6476
-1924
-2752
5316
7996
992
-3312
2484
8008
3524
-2900
-8
7044
5448
-1620
-1424
5676
6700
48
-2312
3816
7240
1716
-2288
2152
7072
3512
-1852
144
6248
5564
-704
-1628
4680
7224
1316
-2716
1976
7896
4356
-2796
-1276
6992
7636
-1060
-4156
4064
9732
2688
-5220
52
9656
6720
-3664
-3692
6744
9672
0
-5528
2544
10344
4488
-1804
8168
8308
-1512
-4812
3976
9952
3012
-5100
-600
8912
7512
-2604
-4496
5352
10256
1724
-6020
456
10368
6700
-4248
-3944
7240
9996
-208
-5952
2780
10648
4376
-5040
-1396
8620
7632
-2080
-3748
5116
9016
1844
-3908
1308
7980
4992
-2124
-1388
5880
7028
488
-2896
2932
7608
3240
-2648
344
6908
5296
-1244
-1252
5472
6400
228
-1824
3872
6708
1608
-1904
2492
6536
2632
-1544
1512
6220
3740
-1112
276
5532
5240
-152
4112
6764
1732
-2248
1504
7204
4872
-2020
-1712
6020
8276
180
-4652
2336
10052
4752
-4844
-2320
8472
9176
-2000
-5976
4448
11488
2976
-6504
-1040
10204
8148
-3648
-5184
6248
10940
1140
-6488
744
10624
6600
-4504
-4084
7344
10428
-100
-6600
2184
11272
5408
-5756
-3120
9048
9796
-2228
-6412
4520
11532
2928
-6420
-472
10384
7328
-3972
-4080
6912
9668
208
-4952
2500
9432
4264
-3792
-1124
7308
7072
-896
-3124
4104
8292
-3452
736
7596
5264
-2008
-1660
5772
7100
200
-2724
3500
7664
2552
-2592
1224
6900
4084
-1592
16
5820
5132
-328
-884
4464
5836
920
-1460
2940
6540
2604
-1636
1160
6432
4592
-1224
-760
5404
6744
460
-2764
3164
8304
3160
-3440
28
8088
6428
-2488
-3236
5856
9308
664
-5108
2116
9916
4832
-4560
-2184
8084
8640
-1636
-5028
4096
10192
2940
-5192
-468
9152
7368
-2668
-4156
5520
9976
1648
-5440
540
9868
6592
-4016
6888
10192
300
-6020
2068
10552
5008
-5124
-2340
8488
8560
-1648
-4620
4456
9792
2512
-4576
296
8500
6188
-2116
-2584
5300
7920
1232
-3548
1864
8076
4560
-2756
-1288
6652
7072
-528
-3064
4072
8004
2064
-3368
1388
7712
4368
-2392
-480
6756
5768
-1080
-1516
5008
6396
428
-1784
3692
6532
1604
-1816
2316
6768
3192
-1824
300
6156
5340
-812
-1644
4588
7344
1436
-3112
1668
8196
5036
-2980
-2144
6932
8700
-664
3048
10780
4236
-5744
-1952
9464
8988
-2880
-5900
5244
11600
2248
-6904
-424
10768
7600
-4308
-4904
6884
11080
708
-6712
1392
11052
6104
-5112
-3800
8020
10368
-792
-6648
2920
11684
4668
-6348
-2576
9624
9352
-2756
-6020
5136
11288
2336
-6376
-56
10180
6908
-3620
-3444
6548
8992
300
-4592
2484
8968
4076
-3624
-948
7304
6900
-1068
-2852
4712
8228
1532
-3660
1768
8300
4532
-2768
-704
7072
6460
-1172
-2320
5156
7428
-2648
3224
7444
2612
-2348
1172
6884
4356
-1652
-396
5936
5848
-348
-1784
4040
7172
1776
-2744
1504
7552
4536
-2320
-1316
6380
7528
-460
-3936
3616
9472
2960
-4904
-360
9228
7148
-3212
-4128
6308
10144
612
Empfangene Message: testx?

Statistik wird berechnet ...
Mittelwert: 2425
Minwert: -7632
Abweichung nach unten: 10057
Maxwert: 12120
Abweichung nach oben: 9695
Standardabweichung: 1332
Empfangene Message: DAC1!500

Gesetzter DAC1-Wert = 500
Empfangene Message: jetzt ohen Leistung am Motor

Folgende Kommandos stehen zur Verfügung.
?               - Hilfe
help?           - Hilfe
ver?            - Version der Software: Datum und Zeit
imu?            - IMU-Werte ausgeben
imuraw?         - IMU-Rohwerte ausgeben
imucal?         - IMU-Offset-Werte kalibrieren und ausgeben (z=-1g
iacc!x          - IMU-Beschl.Range einstellen x = [0|1|2|3] => 2g|4g|8g|16g
iacc?           - IMU-Beschl.Range auslesen x = [0|1|2|3] => 2g|4g|8g|16g
igyro!x         - IMU-Gyro-Range einstellen x = [0|1|2|3] => 250|500|1000|2000 dps
igyro?          - IMU-Gyro-Range auslesen x = [0|1|2|3] => 250|500|1000|2000 dps
DAC1!x          - DAC1 schreiben x = [0..4095]
testx?          - IMUx wird ausgelesen (einige 100x) und dann statistisch bewertet (TA unbekannt).
samplex?        - IMUx wird 1000x ausgelesen und dann statistisch bewertet (TA=500us).
tp!step.n       - test des Tiefpasses: Sprung nach step, n Iterationen

Für alle Eingaben gilt: ON|VALID = 1 sowie OFF|INVALID = 0
Empfangene Message: DAC1!1000

Gesetzter DAC1-Wert = 1000
Empfangene Message: samplex?

Statistik mit fester Abtastzeit (500us) wird berechnet ...
"Timer gestoppt"
Closure gestartet ...
Mittelwert: 2397
Minwert: 2236
Abweichung nach unten: 161
Maxwert: 2600
Abweichung nach oben: 203
Standardabweichung: 55
Alle gemmessenen imux-Werte im Abstand von 500us:
2308
2376
2448
2536
2432
2392
2440
2408
2308
2396
2460
2488
2560
2376
2348
2336
2444
2456
2428
2304
2436
2536
2424
2488
2492
2412
2380
2308
2340
2412
2496
2488
2368
2416
2436
2456
2480
2456
2468
2488
2472
2392
2352
2388
2420
2408
2472
2420
2456
2432
2396
2396
2292
2360
2360
2380
2300
2264
2324
2388
2308
2308
2384
2348
2288
2372
2332
2356
2324
2316
2380
2404
2344
2320
2360
2408
2348
2388
2456
2392
2332
2368
2336
2332
2388
2376
2396
2432
2432
2380
2404
2332
2356
2388
2404
2448
2380
2340
2344
2432
2384
2392
2408
2380
2388
2436
2424
2396
2356
2268
2376
2400
2416
2380
2384
2304
2384
2368
2348
2364
2368
2420
2396
2420
2400
2456
2472
2404
2388
2468
2436
2340
2368
2388
2388
2424
2456
2444
2488
2368
2376
2380
2404
2416
2460
2412
2440
2408
2416
2440
2528
2436
2400
2448
2436
2400
2364
2368
2412
2444
2392
2440
2396
2416
2388
2344
2324
2368
2404
2428
2480
2428
2420
2412
2432
2428
2372
2428
2452
2388
2444
2428
2444
2380
2392
2368
2376
2292
2308
2384
2364
2412
2492
2388
2404
2492
2424
2428
2468
2460
2368
2416
2400
2348
2368
2412
2444
2448
2388
2356
2312
2392
2368
2416
2440
2476
2384
2448
2456
2388
2424
2416
2416
2360
2368
2428
2368
2332
2380
2420
2476
2424
2408
2348
2376
2380
2452
2368
2408
2384
2412
2400
2368
2396
2396
2320
2248
2328
2296
2260
2280
2356
2300
2296
2376
2416
2448
2376
2424
2400
2448
2436
2380
2316
2480
2364
2392
2340
2364
2368
2428
2420
2468
2388
2392
2432
2444
2404
2316
2292
2388
2368
2388
2356
2376
2364
2328
2316
2288
2356
2356
2388
2396
2380
2444
2512
2416
2404
2324
2368
2384
2472
2380
2388
2380
2344
2336
2284
2392
2472
2440
2364
2392
2408
2508
2432
2472
2496
2432
2468
2456
2380
2468
2400
2384
2416
2352
2500
2504
2416
2364
2412
2412
2460
2460
2488
2388
2384
2400
2444
2368
2332
2464
2460
2360
2352
2348
2440
2432
2456
2388
2316
2432
2388
2400
2336
2384
2432
2412
2368
2384
2388
2332
2308
2436
2476
2424
2380
2372
2336
2440
2416
2396
2448
2428
2428
2320
2364
2448
2412
2468
2428
2360
2488
2368
2368
2380
2356
2368
2440
2420
2424
2372
2396
2348
2336
2272
2352
2420
2408
2476
2368
2444
2444
2332
2460
2440
2452
2456
2276
2356
2408
2416
2388
2388
2388
2436
2480
2408
2416
2376
2432
2404
2384
2348
2348
2348
2304
2332
2416
2472
2328
2340
2320
2388
2364
2384
2396
2416
2368
2348
2340
2248
2304
2372
2424
2420
2428
2464
2436
2456
2368
2396
2456
2384
2428
2436
2420
2404
2328
2332
2348
2544
2528
2408
2340
2424
2464
2416
2364
2380
2372
2408
2416
2420
2468
2328
2340
2416
2352
2416
2544
2416
2336
2396
2372
2328
2416
2452
2436
2420
2364
2428
2300
2360
2464
2476
2388
2500
2488
2488
2404
2472
2428
2300
2476
2460
2456
2488
2428
2348
2316
2344
2336
2416
2456
2420
2504
2396
2384
2476
2536
2392
2288
2268
2444
2404
2456
2576
2480
2424
2392
2428
2412
2476
2472
2440
2524
2460
2328
2424
2372
2364
2400
2380
2380
2476
2392
2432
2472
2404
2408
2320
2304
2404
2528
2440
2356
2312
2468
2280
2344
2460
2428
2412
2388
2364
2336
2340
2500
2388
2348
2352
2368
2336
2344
2360
2388
2428
2444
2384
2348
2420
2460
2440
2404
2424
2480
2420
2412
2372
2380
2324
2388
2380
2288
2436
2444
2500
2284
2316
2336
2452
2420
2368
2444
2428
2476
2364
2320
2332
2340
2364
2304
2380
2444
2360
2368
2328
2336
2404
2396
2348
2304
2432
2396
2468
2440
2380
2420
2380
2332
2412
2420
2448
2448
2448
2540
2372
2344
2376
2416
2408
2392
2388
2304
2404
2296
2372
2352
2368
2324
2372
2408
2316
2316
2448
2428
2416
2324
2320
2392
2496
2548
2424
2380
2356
2388
2452
2436
2396
2364
2460
2428
2316
2308
2376
2408
2552
2512
2504
2404
2384
2364
2340
2328
2400
2396
2368
2360
2292
2340
2428
2428
2388
2408
2420
2344
2364
2408
2380
2460
2368
2292
2388
2476
2376
2364
2336
2372
2440
2384
2272
2400
2328
2260
2344
2412
2404
2376
2404
2428
2384
2324
2384
2356
2296
2372
2436
2464
2324
2328
2384
2448
2404
2404
2404
2440
2444
2440
2352
2396
2352
2316
2312
2416
2380
2324
2328
2392
2444
2488
2364
2308
2236
2416
2376
2368
2368
2352
2416
2432
2392
2444
2488
2428
2396
2376
2392
2336
2460
2420
2344
2316
2288
2328
2368
2300
2348
2444
2444
2476
2384
2284
2336
2328
2396
2400
2484
2472
2384
2376
2480
2504
2424
2372
2376
2384
2388
2356
2432
2468
2464
2400
2432
2600
2548
2448
2292
2328
2360
2360
2468
2364
2408
2468
2408
2336
2348
2440
2460
2456
2384
2436
2344
2400
2336
2380
2452
2404
2448
2428
2356
2456
2472
2448
2420
2468
2448
2460
2500
2440
2412
2412
2444
2420
2428
2400
2364
2340
2388
2476
2384
2380
2368
2452
2536
2392
2388
2448
2376
2432
2456
2412
2336
2348
2384
2308
2344
2388
2332
2384
2420
2436
2444
2388
2320
2348
2348
2396
2484
2356
2428
2376
2328
2436
2344
2300
2316
2352
2364
2452
2280
2380
2376
2436
2344
2372
2328
2368
2360
2412
2404
2412
2408
2460
2464
2356
2388
2336
2416
2328
2344
2308
2284
2348
2380
2472
2448
2492
2416
2432
2332
2348
2296
2396
2472
2352
2428
2424
2384
2424
2436
2392
2460
2468
2424
2372
2320
2396
2352
2308
2380
2352
2284
2388
2444
2432
2464
2448
2404
2416
2504
2388
2396
2448
2512
2480
2404
2432
2364
2316
2396
2424
2396
2488
2468
2440
2464
2444
2492
2424
2368
2440
2492
2496
2412
2304
2308
2352
2404
2360
2352
2360
2416
2376
2332
2428
2556
2344
2404
2484
2488
2436
2472
2472
2460
2480
2460
2392
Empfangene Message: DAC1!1500

Gesetzter DAC1-Wert = 1500
Empfangene Message: samplex?

Statistik mit fester Abtastzeit (500us) wird berechnet ...
"Timer gestoppt"
Closure gestartet ...
Mittelwert: 2399
Minwert: 2048
Abweichung nach unten: 351
Maxwert: 2800
Abweichung nach oben: 401
Standardabweichung: 67
Alle gemmessenen imux-Werte im Abstand von 500us:
2388
2588
2520
2500
2444
2456
2348
2204
2372
2508
2540
2524
2568
2452
2308
2272
2228
2296
2456
2500
2484
2476
2480
2456
2300
2392
2296
2376
2416
2256
2372
2368
2272
2344
2596
2800
2496
2424
2524
2368
2172
2144
2100
2128
2296
2448
2492
2320
2284
2496
2672
2516
2368
2432
2272
2120
2048
2272
2496
2592
2548
2392
2460
2468
2412
2372
2356
2388
2376
2368
2256
2264
2324
2400
2308
2416
2588
2608
2520
2400
2384
2336
2264
2300
2308
2320
2476
2488
2360
2364
2344
2364
2404
2456
2432
2436
2416
2316
2356
2508
2396
2388
2404
2432
2468
2428
2388
2368
2416
2296
2304
2388
2436
2448
2468
2496
2500
2508
2396
2348
2420
2376
2380
2308
2332
2396
2528
2472
2496
2532
2484
2444
2440
2428
2404
2396
2352
2296
2404
2324
2368
2484
2476
2424
2448
2408
2336
2336
2300
2436
2408
2384
2476
2488
2308
2308
2344
2360
2428
2420
2460
2400
2428
2424
2368
2280
2392
2356
2392
2428
2408
2488
2436
2444
2388
2408
2432
2328
2364
2380
2352
2420
2436
2420
2392
2332
2376
2364
2272
2252
2280
2336
2328
2364
2428
2428
2344
2304
2428
2544
2460
2372
2420
2356
2320
2264
2332
2224
2268
2364
2460
2468
2436
2492
2488
2412
2284
2340
2436
2532
2436
2224
2356
2348
2348
2480
2488
2488
2504
2300
2212
2368
2292
2352
2444
2352
2416
2472
2508
2460
2412
2468
2356
2292
2336
2388
2396
2348
2268
2296
2468
2396
2464
2464
2440
2456
2368
2448
2488
2444
2416
2344
2408
2240
2428
2528
2580
2424
2336
2436
2452
2508
2528
2580
2544
2440
2432
2324
2332
2376
2444
2364
2296
2360
2324
2316
2500
2492
2452
2476
2372
2224
2300
2356
2416
2420
2452
2456
2356
2388
2356
2400
2416
2404
2384
2412
2420
2460
2404
2392
2312
2308
2300
2428
2420
2440
2356
2360
2440
2448
2476
2432
2368
2404
2380
2324
2404
2436
2384
2368
2376
2376
2420
2460
2428
2420
2472
2416
2440
2360
2408
2368
2412
2440
2396
2372
2416
2376
2296
2380
2416
2364
2380
2440
2384
2304
2412
2396
2516
2412
2320
2416
2384
2348
2424
2388
2428
2388
2376
2428
2412
2500
2532
2440
2448
2372
2476
2416
2352
2404
2464
2480
2400
2336
2324
2336
2356
2448
2472
2528
2452
2324
2304
2336
2332
2336
2264
2300
2316
2288
2284
2308
2312
2344
2384
2480
2456
2388
2448
2340
2372
2444
2364
2440
2416
2368
2388
2340
2400
2408
2428
2324
2344
2404
2352
2448
2368
2392
2476
2428
2368
2328
2404
2508
2412
2460
2460
2356
2340
2408
2456
2420
2396
2392
2352
2368
2320
2396
2432
2532
2368
2312
2472
2496
2408
2468
2456
2360
2372
2416
2364
2336
2288
2328
2456
2368
2376
2388
2392
2384
2368
2264
2312
2448
2436
2448
2428
2460
2412
2408
2384
2420
2408
2336
2344
2380
2420
2404
2356
2500
2368
2344
2388
2388
2408
2396
2428
2292
2356
2372
2404
2416
2416
2376
2388
2396
2404
2368
2384
2456
2416
2468
2496
2408
2388
2408
2360
2432
2476
2456
2396
2436
2460
2352
2288
2384
2516
2388
2372
2400
2300
2340
2368
2384
2424
2512
2492
2396
2424
2436
2368
2288
2356
2412
2328
2348
2404
2396
2432
2380
2396
2360
2348
2352
2388
2328
2352
2396
2420
2400
2416
2356
2348
2388
2456
2452
2496
2440
2420
2404
2400
2344
2336
2316
2340
2336
2452
2420
2340
2364
2348
2420
2432
2444
2476
2368
2296
2444
2504
2528
2420
2392
2412
2396
2400
2424
2468
2396
2336
2280
2280
2372
2380
2344
2432
2344
2368
2368
2380
2340
2448
2412
2396
2428
2456
2388
2440
2468
2404
2452
2368
2364
2364
2436
2500
2444
2380
2320
2408
2456
2376
2380
2392
2432
2396
2312
2420
2544
2440
2348
2376
2444
2444
2336
2272
2388
2404
2416
2396
2376
2404
2420
2408
2440
2484
2412
2320
2392
2376
2368
2440
2472
2448
2420
2440
2408
2368
2416
2388
2344
2348
2344
2344
2296
2332
2352
2316
2340
2368
2392
2420
2480
2400
2348
2420
2328
2416
2472
2348
2344
2408
2408
2356
2308
2384
2384
2396
2380
2460
2420
2396
2336
2436
2400
2436
2476
2376
2412
2376
2324
2364
2340
2348
2388
2388
2428
2456
2444
2412
2288
2388
2376
2432
2416
2520
2520
2456
2376
2464
2448
2440
2416
2408
2420
2432
2380
2360
2416
2452
2404
2444
2436
2308
2452
2420
2420
2468
2364
2464
2404
2464
2472
2408
2392
2380
2336
2460
2436
2440
2416
2404
2480
2508
2460
2380
2412
2440
2396
2300
2328
2396
2428
2516
2408
2388
2408
2452
2452
2388
2432
2456
2476
2416
2412
2460
2420
2476
2440
2436
2316
2476
2388
2316
2312
2344
2384
2428
2416
2436
2432
2348
2308
2300
2352
2460
2432
2416
2448
2444
2412
2476
2388
2444
2384
2384
2384
2452
2408
2412
2380
2436
2372
2392
2464
2480
2336
2416
2500
2476
2552
2388
2348
2380
2360
2408
2412
2340
2388
2420
2384
2368
2400
2408
2416
2376
2424
2392
2300
2316
2392
2444
2416
2364
2408
2400
2452
2348
2400
2408
2440
2432
2384
2392
2400
2428
2416
2416
2388
2368
2364
2296
2336
2408
2420
2520
2448
2396
2436
2356
2404
2340
2336
2388
2356
2368
2392
2412
2392
2380
2384
2376
2456
2524
2444
2404
2408
2428
2432
2472
2480
2376
2304
2428
2408
2452
2416
2364
2296
2324
2456
2424
2448
2392
2420
2412
2432
2448
2340
2272
2388
2380
2452
2480
2340
2396
2412
2448
2352
2376
2340
2340
2404
2500
2500
2488
2460
2472
2516
2408
2416
2412
2500
2520
2456
2376
2348
2428
2480
2460
2332
2364
2384
2400
2408
2456
2388
2320
2452
2412
2456
2416
2444
2316
2308
2404
2392
2368
2360
2356
2324
2372
2392
2476
2448
2492
2396
2404
2360
2412
2356
2448
2436
2480
2420
2504
2448
2496
2436
2456
2448
2440
2476
2336
2304
2332
2344
2416
2484
2368
2380
