Empfangene Message: samplex?

Statistik mit fester Abtastzeit (500us) wird berechnet ...
Timeer gestoppt
Closure gestartet ...
Mittelwert: -257
Minwert: -408
Abweichung nach unten: 151
Maxwert: -124
Abweichung nach oben: 133
Standardabweichung: 72
Alle gemmessenen imux-Werte im Abstand von 500us:
-296
-312
-312
-344
-344
-356
-356
-376
-376
-232
-232
-252
-252
-312
-312
-168
-168
-260
-260
-248
-248
-228
-228
-252
-252
-308
-308
-228
-228
-144
-144
-268
-268
-208
-208
-332
-332
-244
-244
-176
-176
-212
-212
-340
-340
-192
-192
-148
-148
-196
-196
-216
-216
-324
-324
-240
-240
-280
-280
-228
-228
-124
-124
-208
-208
-360
-360
-352
-352
-312
-312
-240
-240
-180
-148
-148
-220
-220
-332
-332
-380
-380
-408
-408
-352
-352
-256
-256
-188
-188
-264
-264
-276
-276
-136
-136
-156
-156
-280
